2025-08-21 10:08:03 startup archives unpack
2025-08-21 10:08:03 install efibootmgr:amd64 <none> 18-1build2
2025-08-21 10:08:03 status half-installed efibootmgr:amd64 18-1build2
2025-08-21 10:08:03 status triggers-pending man-db:amd64 2.12.0-4build2
2025-08-21 10:08:03 status unpacked efibootmgr:amd64 18-1build2
2025-08-21 10:08:03 install grub-efi-amd64-bin:amd64 <none> 2.12-1ubuntu7.3
2025-08-21 10:08:03 status half-installed grub-efi-amd64-bin:amd64 2.12-1ubuntu7.3
2025-08-21 10:08:04 status unpacked grub-efi-amd64-bin:amd64 2.12-1ubuntu7.3
2025-08-21 10:08:04 install grub-efi-amd64-signed:amd64 <none> 1.202.5+2.12-1ubuntu7.3
2025-08-21 10:08:04 status half-installed grub-efi-amd64-signed:amd64 1.202.5+2.12-1ubuntu7.3
2025-08-21 10:08:04 status unpacked grub-efi-amd64-signed:amd64 1.202.5+2.12-1ubuntu7.3
2025-08-21 10:08:04 install mokutil:amd64 <none> 0.6.0-2build3
2025-08-21 10:08:04 status half-installed mokutil:amd64 0.6.0-2build3
2025-08-21 10:08:04 status unpacked mokutil:amd64 0.6.0-2build3
2025-08-21 10:08:04 install shim-signed:amd64 <none> 1.58+15.8-0ubuntu1
2025-08-21 10:08:04 status half-installed shim-signed:amd64 1.58+15.8-0ubuntu1
2025-08-21 10:08:04 status unpacked shim-signed:amd64 1.58+15.8-0ubuntu1
2025-08-21 10:08:04 startup packages configure
2025-08-21 10:08:04 configure efibootmgr:amd64 18-1build2 <none>
2025-08-21 10:08:04 status unpacked efibootmgr:amd64 18-1build2
2025-08-21 10:08:04 status half-configured efibootmgr:amd64 18-1build2
2025-08-21 10:08:04 status installed efibootmgr:amd64 18-1build2
2025-08-21 10:08:04 configure mokutil:amd64 0.6.0-2build3 <none>
2025-08-21 10:08:04 status unpacked mokutil:amd64 0.6.0-2build3
2025-08-21 10:08:04 status half-configured mokutil:amd64 0.6.0-2build3
2025-08-21 10:08:04 status installed mokutil:amd64 0.6.0-2build3
2025-08-21 10:08:04 configure grub-efi-amd64-bin:amd64 2.12-1ubuntu7.3 <none>
2025-08-21 10:08:04 status unpacked grub-efi-amd64-bin:amd64 2.12-1ubuntu7.3
2025-08-21 10:08:04 status half-configured grub-efi-amd64-bin:amd64 2.12-1ubuntu7.3
2025-08-21 10:08:04 status installed grub-efi-amd64-bin:amd64 2.12-1ubuntu7.3
2025-08-21 10:08:04 configure grub-efi-amd64-signed:amd64 1.202.5+2.12-1ubuntu7.3 <none>
2025-08-21 10:08:04 status unpacked grub-efi-amd64-signed:amd64 1.202.5+2.12-1ubuntu7.3
2025-08-21 10:08:04 status half-configured grub-efi-amd64-signed:amd64 1.202.5+2.12-1ubuntu7.3
2025-08-21 10:08:04 status installed grub-efi-amd64-signed:amd64 1.202.5+2.12-1ubuntu7.3
2025-08-21 10:08:04 configure shim-signed:amd64 1.58+15.8-0ubuntu1 <none>
2025-08-21 10:08:04 status unpacked shim-signed:amd64 1.58+15.8-0ubuntu1
2025-08-21 10:08:04 status half-configured shim-signed:amd64 1.58+15.8-0ubuntu1
2025-08-21 10:08:04 status installed shim-signed:amd64 1.58+15.8-0ubuntu1
2025-08-21 10:08:04 trigproc man-db:amd64 2.12.0-4build2 <none>
2025-08-21 10:08:04 status half-configured man-db:amd64 2.12.0-4build2
2025-08-21 10:08:05 status installed man-db:amd64 2.12.0-4build2
2025-08-21 10:15:04 startup packages remove
2025-08-21 10:15:04 status installed libc6-dev:amd64 2.39-0ubuntu8.5
2025-08-21 10:15:04 remove libc6-dev:amd64 2.39-0ubuntu8.5 <none>
2025-08-21 10:15:04 status half-configured libc6-dev:amd64 2.39-0ubuntu8.5
2025-08-21 10:15:04 status half-installed libc6-dev:amd64 2.39-0ubuntu8.5
2025-08-21 10:15:04 status config-files libc6-dev:amd64 2.39-0ubuntu8.5
2025-08-21 10:15:04 status not-installed libc6-dev:amd64 <none>
2025-08-21 10:15:04 status installed linux-virtual:amd64 6.8.0-78.78
2025-08-21 10:15:04 remove linux-virtual:amd64 6.8.0-78.78 <none>
2025-08-21 10:15:04 status half-configured linux-virtual:amd64 6.8.0-78.78
2025-08-21 10:15:04 status half-installed linux-virtual:amd64 6.8.0-78.78
2025-08-21 10:15:04 status config-files linux-virtual:amd64 6.8.0-78.78
2025-08-21 10:15:04 status not-installed linux-virtual:amd64 <none>
2025-08-21 10:15:04 status installed linux-headers-virtual:amd64 6.8.0-78.78
2025-08-21 10:15:04 remove linux-headers-virtual:amd64 6.8.0-78.78 <none>
2025-08-21 10:15:04 status half-configured linux-headers-virtual:amd64 6.8.0-78.78
2025-08-21 10:15:04 status half-installed linux-headers-virtual:amd64 6.8.0-78.78
2025-08-21 10:15:04 status config-files linux-headers-virtual:amd64 6.8.0-78.78
2025-08-21 10:15:04 status not-installed linux-headers-virtual:amd64 <none>
2025-08-21 10:15:04 status installed linux-headers-generic:amd64 6.8.0-78.78
2025-08-21 10:15:04 remove linux-headers-generic:amd64 6.8.0-78.78 <none>
2025-08-21 10:15:04 status half-configured linux-headers-generic:amd64 6.8.0-78.78
2025-08-21 10:15:04 status half-installed linux-headers-generic:amd64 6.8.0-78.78
2025-08-21 10:15:04 status config-files linux-headers-generic:amd64 6.8.0-78.78
2025-08-21 10:15:04 status not-installed linux-headers-generic:amd64 <none>
2025-08-21 10:15:04 status installed linux-headers-6.8.0-78-generic:amd64 6.8.0-78.78
2025-08-21 10:15:04 remove linux-headers-6.8.0-78-generic:amd64 6.8.0-78.78 <none>
2025-08-21 10:15:04 status half-configured linux-headers-6.8.0-78-generic:amd64 6.8.0-78.78
2025-08-21 10:15:04 status half-installed linux-headers-6.8.0-78-generic:amd64 6.8.0-78.78
2025-08-21 10:15:05 status config-files linux-headers-6.8.0-78-generic:amd64 6.8.0-78.78
2025-08-21 10:15:05 status not-installed linux-headers-6.8.0-78-generic:amd64 <none>
2025-08-21 10:15:05 status installed linux-headers-6.8.0-78:all 6.8.0-78.78
2025-08-21 10:15:05 remove linux-headers-6.8.0-78:all 6.8.0-78.78 <none>
2025-08-21 10:15:05 status half-configured linux-headers-6.8.0-78:all 6.8.0-78.78
2025-08-21 10:15:05 status half-installed linux-headers-6.8.0-78:all 6.8.0-78.78
2025-08-21 10:15:06 status config-files linux-headers-6.8.0-78:all 6.8.0-78.78
2025-08-21 10:15:06 status not-installed linux-headers-6.8.0-78:all <none>
2025-08-21 10:15:06 status installed linux-image-virtual:amd64 6.8.0-78.78
2025-08-21 10:15:06 remove linux-image-virtual:amd64 6.8.0-78.78 <none>
2025-08-21 10:15:06 status half-configured linux-image-virtual:amd64 6.8.0-78.78
2025-08-21 10:15:06 status half-installed linux-image-virtual:amd64 6.8.0-78.78
2025-08-21 10:15:06 status config-files linux-image-virtual:amd64 6.8.0-78.78
2025-08-21 10:15:06 status not-installed linux-image-virtual:amd64 <none>
2025-08-21 10:15:06 status installed linux-image-6.8.0-78-generic:amd64 6.8.0-78.78
2025-08-21 10:15:06 remove linux-image-6.8.0-78-generic:amd64 6.8.0-78.78 <none>
2025-08-21 10:15:06 status half-configured linux-image-6.8.0-78-generic:amd64 6.8.0-78.78
2025-08-21 10:15:06 status half-installed linux-image-6.8.0-78-generic:amd64 6.8.0-78.78
2025-08-21 10:15:06 status config-files linux-image-6.8.0-78-generic:amd64 6.8.0-78.78
2025-08-21 10:15:06 status installed linux-libc-dev:amd64 6.8.0-78.78
2025-08-21 10:15:06 remove linux-libc-dev:amd64 6.8.0-78.78 <none>
2025-08-21 10:15:06 status half-configured linux-libc-dev:amd64 6.8.0-78.78
2025-08-21 10:15:06 status half-installed linux-libc-dev:amd64 6.8.0-78.78
2025-08-21 10:15:06 status config-files linux-libc-dev:amd64 6.8.0-78.78
2025-08-21 10:15:07 status not-installed linux-libc-dev:amd64 <none>
2025-08-21 10:15:07 status installed linux-modules-6.8.0-78-generic:amd64 6.8.0-78.78
2025-08-21 10:15:07 remove linux-modules-6.8.0-78-generic:amd64 6.8.0-78.78 <none>
2025-08-21 10:15:07 status half-configured linux-modules-6.8.0-78-generic:amd64 6.8.0-78.78
2025-08-21 10:15:07 status half-installed linux-modules-6.8.0-78-generic:amd64 6.8.0-78.78
2025-08-21 10:15:07 status config-files linux-modules-6.8.0-78-generic:amd64 6.8.0-78.78
2025-08-21 10:15:07 status installed linux-tools-6.8.0-78-generic:amd64 6.8.0-78.78
2025-08-21 10:15:07 remove linux-tools-6.8.0-78-generic:amd64 6.8.0-78.78 <none>
2025-08-21 10:15:07 status half-configured linux-tools-6.8.0-78-generic:amd64 6.8.0-78.78
2025-08-21 10:15:07 status half-installed linux-tools-6.8.0-78-generic:amd64 6.8.0-78.78
2025-08-21 10:15:07 status config-files linux-tools-6.8.0-78-generic:amd64 6.8.0-78.78
2025-08-21 10:15:07 status not-installed linux-tools-6.8.0-78-generic:amd64 <none>
2025-08-21 10:15:07 status installed linux-tools-6.8.0-78:amd64 6.8.0-78.78
2025-08-21 10:15:07 remove linux-tools-6.8.0-78:amd64 6.8.0-78.78 <none>
2025-08-21 10:15:07 status half-configured linux-tools-6.8.0-78:amd64 6.8.0-78.78
2025-08-21 10:15:07 status half-installed linux-tools-6.8.0-78:amd64 6.8.0-78.78
2025-08-21 10:15:07 status config-files linux-tools-6.8.0-78:amd64 6.8.0-78.78
2025-08-21 10:15:07 status not-installed linux-tools-6.8.0-78:amd64 <none>
2025-08-21 10:15:07 status installed linux-tools-common:all 6.8.0-78.78
2025-08-21 10:15:07 remove linux-tools-common:all 6.8.0-78.78 <none>
2025-08-21 10:15:07 status half-configured linux-tools-common:all 6.8.0-78.78
2025-08-21 10:15:07 status half-installed linux-tools-common:all 6.8.0-78.78
2025-08-21 10:15:07 status triggers-pending man-db:amd64 2.12.0-4build2
2025-08-21 10:15:07 status config-files linux-tools-common:all 6.8.0-78.78
2025-08-21 10:15:07 status not-installed linux-tools-common:all <none>
2025-08-21 10:15:07 startup packages configure
2025-08-21 10:15:07 trigproc man-db:amd64 2.12.0-4build2 <none>
2025-08-21 10:15:07 status half-configured man-db:amd64 2.12.0-4build2
2025-08-21 10:15:07 status installed man-db:amd64 2.12.0-4build2
2025-08-21 10:15:07 startup packages purge
2025-08-21 10:15:07 purge linux-modules-6.8.0-78-generic:amd64 6.8.0-78.78 <none>
2025-08-21 10:15:07 status config-files linux-modules-6.8.0-78-generic:amd64 6.8.0-78.78
2025-08-21 10:15:08 status not-installed linux-modules-6.8.0-78-generic:amd64 <none>
2025-08-21 10:15:08 purge linux-image-6.8.0-78-generic:amd64 6.8.0-78.78 <none>
2025-08-21 10:15:08 status config-files linux-image-6.8.0-78-generic:amd64 6.8.0-78.78
2025-08-21 10:15:08 status not-installed linux-image-6.8.0-78-generic:amd64 <none>
2025-08-21 10:15:08 startup packages configure
2025-08-21 10:15:13 startup archives unpack
2025-08-21 10:15:13 install iucode-tool:amd64 <none> 2.3.1-3build1
2025-08-21 10:15:13 status half-installed iucode-tool:amd64 2.3.1-3build1
2025-08-21 10:15:13 status triggers-pending man-db:amd64 2.12.0-4build2
2025-08-21 10:15:13 status unpacked iucode-tool:amd64 2.3.1-3build1
2025-08-21 10:15:13 install linux-modules-6.14.0-1011-aws:amd64 <none> 6.14.0-1011.11~24.04.1
2025-08-21 10:15:13 status half-installed linux-modules-6.14.0-1011-aws:amd64 6.14.0-1011.11~24.04.1
2025-08-21 10:15:14 status unpacked linux-modules-6.14.0-1011-aws:amd64 6.14.0-1011.11~24.04.1
2025-08-21 10:15:14 install linux-image-6.14.0-1011-aws:amd64 <none> 6.14.0-1011.11~24.04.1
2025-08-21 10:15:14 status half-installed linux-image-6.14.0-1011-aws:amd64 6.14.0-1011.11~24.04.1
2025-08-21 10:15:14 status unpacked linux-image-6.14.0-1011-aws:amd64 6.14.0-1011.11~24.04.1
2025-08-21 10:15:14 install intel-microcode:amd64 <none> 3.20250512.0ubuntu0.24.04.1
2025-08-21 10:15:14 status half-installed intel-microcode:amd64 3.20250512.0ubuntu0.24.04.1
2025-08-21 10:15:14 status unpacked intel-microcode:amd64 3.20250512.0ubuntu0.24.04.1
2025-08-21 10:15:14 install amd64-microcode:amd64 <none> 3.20250311.1ubuntu0.24.04.1
2025-08-21 10:15:14 status half-installed amd64-microcode:amd64 3.20250311.1ubuntu0.24.04.1
2025-08-21 10:15:14 status unpacked amd64-microcode:amd64 3.20250311.1ubuntu0.24.04.1
2025-08-21 10:15:14 install microcode-initrd:amd64 <none> 3build1
2025-08-21 10:15:14 status half-installed microcode-initrd:amd64 3build1
2025-08-21 10:15:14 status unpacked microcode-initrd:amd64 3build1
2025-08-21 10:15:14 install linux-image-aws:amd64 <none> 6.14.0-1011.11~24.04.1
2025-08-21 10:15:14 status half-installed linux-image-aws:amd64 6.14.0-1011.11~24.04.1
2025-08-21 10:15:14 status unpacked linux-image-aws:amd64 6.14.0-1011.11~24.04.1
2025-08-21 10:15:14 install linux-aws-6.14-headers-6.14.0-1011:all <none> 6.14.0-1011.11~24.04.1
2025-08-21 10:15:14 status half-installed linux-aws-6.14-headers-6.14.0-1011:all 6.14.0-1011.11~24.04.1
2025-08-21 10:15:19 status unpacked linux-aws-6.14-headers-6.14.0-1011:all 6.14.0-1011.11~24.04.1
2025-08-21 10:15:20 install linux-headers-6.14.0-1011-aws:amd64 <none> 6.14.0-1011.11~24.04.1
2025-08-21 10:15:20 status half-installed linux-headers-6.14.0-1011-aws:amd64 6.14.0-1011.11~24.04.1
2025-08-21 10:15:22 status unpacked linux-headers-6.14.0-1011-aws:amd64 6.14.0-1011.11~24.04.1
2025-08-21 10:15:22 install linux-headers-aws:amd64 <none> 6.14.0-1011.11~24.04.1
2025-08-21 10:15:22 status half-installed linux-headers-aws:amd64 6.14.0-1011.11~24.04.1
2025-08-21 10:15:22 status unpacked linux-headers-aws:amd64 6.14.0-1011.11~24.04.1
2025-08-21 10:15:22 install linux-aws:amd64 <none> 6.14.0-1011.11~24.04.1
2025-08-21 10:15:22 status half-installed linux-aws:amd64 6.14.0-1011.11~24.04.1
2025-08-21 10:15:22 status unpacked linux-aws:amd64 6.14.0-1011.11~24.04.1
2025-08-21 10:15:22 install linux-tools-common:all <none> 6.8.0-78.78
2025-08-21 10:15:22 status half-installed linux-tools-common:all 6.8.0-78.78
2025-08-21 10:15:22 status unpacked linux-tools-common:all 6.8.0-78.78
2025-08-21 10:15:22 install linux-aws-6.14-tools-6.14.0-1011:amd64 <none> 6.14.0-1011.11~24.04.1
2025-08-21 10:15:22 status half-installed linux-aws-6.14-tools-6.14.0-1011:amd64 6.14.0-1011.11~24.04.1
2025-08-21 10:15:22 status unpacked linux-aws-6.14-tools-6.14.0-1011:amd64 6.14.0-1011.11~24.04.1
2025-08-21 10:15:22 install linux-tools-6.14.0-1011-aws:amd64 <none> 6.14.0-1011.11~24.04.1
2025-08-21 10:15:22 status half-installed linux-tools-6.14.0-1011-aws:amd64 6.14.0-1011.11~24.04.1
2025-08-21 10:15:22 status unpacked linux-tools-6.14.0-1011-aws:amd64 6.14.0-1011.11~24.04.1
2025-08-21 10:15:22 startup packages configure
2025-08-21 10:15:22 configure iucode-tool:amd64 2.3.1-3build1 <none>
2025-08-21 10:15:22 status unpacked iucode-tool:amd64 2.3.1-3build1
2025-08-21 10:15:22 status half-configured iucode-tool:amd64 2.3.1-3build1
2025-08-21 10:15:22 status installed iucode-tool:amd64 2.3.1-3build1
2025-08-21 10:15:22 configure intel-microcode:amd64 3.20250512.0ubuntu0.24.04.1 <none>
2025-08-21 10:15:22 status unpacked intel-microcode:amd64 3.20250512.0ubuntu0.24.04.1
2025-08-21 10:15:22 status half-configured intel-microcode:amd64 3.20250512.0ubuntu0.24.04.1
2025-08-21 10:15:22 status installed intel-microcode:amd64 3.20250512.0ubuntu0.24.04.1
2025-08-21 10:15:22 status triggers-pending initramfs-tools:all 0.142ubuntu25.5
2025-08-21 10:15:22 configure amd64-microcode:amd64 3.20250311.1ubuntu0.24.04.1 <none>
2025-08-21 10:15:22 status unpacked amd64-microcode:amd64 3.20250311.1ubuntu0.24.04.1
2025-08-21 10:15:22 status half-configured amd64-microcode:amd64 3.20250311.1ubuntu0.24.04.1
2025-08-21 10:15:22 status installed amd64-microcode:amd64 3.20250311.1ubuntu0.24.04.1
2025-08-21 10:15:22 configure microcode-initrd:amd64 3build1 <none>
2025-08-21 10:15:22 status unpacked microcode-initrd:amd64 3build1
2025-08-21 10:15:22 status half-configured microcode-initrd:amd64 3build1
2025-08-21 10:15:23 status installed microcode-initrd:amd64 3build1
2025-08-21 10:15:23 configure linux-aws-6.14-headers-6.14.0-1011:all 6.14.0-1011.11~24.04.1 <none>
2025-08-21 10:15:23 status unpacked linux-aws-6.14-headers-6.14.0-1011:all 6.14.0-1011.11~24.04.1
2025-08-21 10:15:23 status half-configured linux-aws-6.14-headers-6.14.0-1011:all 6.14.0-1011.11~24.04.1
2025-08-21 10:15:23 status installed linux-aws-6.14-headers-6.14.0-1011:all 6.14.0-1011.11~24.04.1
2025-08-21 10:15:23 configure linux-headers-6.14.0-1011-aws:amd64 6.14.0-1011.11~24.04.1 <none>
2025-08-21 10:15:23 status unpacked linux-headers-6.14.0-1011-aws:amd64 6.14.0-1011.11~24.04.1
2025-08-21 10:15:23 status half-configured linux-headers-6.14.0-1011-aws:amd64 6.14.0-1011.11~24.04.1
2025-08-21 10:15:23 status installed linux-headers-6.14.0-1011-aws:amd64 6.14.0-1011.11~24.04.1
2025-08-21 10:15:23 configure linux-tools-common:all 6.8.0-78.78 <none>
2025-08-21 10:15:23 status unpacked linux-tools-common:all 6.8.0-78.78
2025-08-21 10:15:23 status half-configured linux-tools-common:all 6.8.0-78.78
2025-08-21 10:15:23 status installed linux-tools-common:all 6.8.0-78.78
2025-08-21 10:15:23 configure linux-aws-6.14-tools-6.14.0-1011:amd64 6.14.0-1011.11~24.04.1 <none>
2025-08-21 10:15:23 status unpacked linux-aws-6.14-tools-6.14.0-1011:amd64 6.14.0-1011.11~24.04.1
2025-08-21 10:15:23 status half-configured linux-aws-6.14-tools-6.14.0-1011:amd64 6.14.0-1011.11~24.04.1
2025-08-21 10:15:23 status installed linux-aws-6.14-tools-6.14.0-1011:amd64 6.14.0-1011.11~24.04.1
2025-08-21 10:15:23 configure linux-headers-aws:amd64 6.14.0-1011.11~24.04.1 <none>
2025-08-21 10:15:23 status unpacked linux-headers-aws:amd64 6.14.0-1011.11~24.04.1
2025-08-21 10:15:23 status half-configured linux-headers-aws:amd64 6.14.0-1011.11~24.04.1
2025-08-21 10:15:23 status installed linux-headers-aws:amd64 6.14.0-1011.11~24.04.1
2025-08-21 10:15:23 configure linux-tools-6.14.0-1011-aws:amd64 6.14.0-1011.11~24.04.1 <none>
2025-08-21 10:15:23 status unpacked linux-tools-6.14.0-1011-aws:amd64 6.14.0-1011.11~24.04.1
2025-08-21 10:15:23 status half-configured linux-tools-6.14.0-1011-aws:amd64 6.14.0-1011.11~24.04.1
2025-08-21 10:15:23 status installed linux-tools-6.14.0-1011-aws:amd64 6.14.0-1011.11~24.04.1
2025-08-21 10:15:23 configure linux-image-6.14.0-1011-aws:amd64 6.14.0-1011.11~24.04.1 <none>
2025-08-21 10:15:23 status unpacked linux-image-6.14.0-1011-aws:amd64 6.14.0-1011.11~24.04.1
2025-08-21 10:15:23 status half-configured linux-image-6.14.0-1011-aws:amd64 6.14.0-1011.11~24.04.1
2025-08-21 10:15:24 status installed linux-image-6.14.0-1011-aws:amd64 6.14.0-1011.11~24.04.1
2025-08-21 10:15:24 status triggers-pending linux-image-6.14.0-1011-aws:amd64 6.14.0-1011.11~24.04.1
2025-08-21 10:15:24 configure linux-modules-6.14.0-1011-aws:amd64 6.14.0-1011.11~24.04.1 <none>
2025-08-21 10:15:24 status unpacked linux-modules-6.14.0-1011-aws:amd64 6.14.0-1011.11~24.04.1
2025-08-21 10:15:24 status half-configured linux-modules-6.14.0-1011-aws:amd64 6.14.0-1011.11~24.04.1
2025-08-21 10:15:24 status installed linux-modules-6.14.0-1011-aws:amd64 6.14.0-1011.11~24.04.1
2025-08-21 10:15:24 configure linux-image-aws:amd64 6.14.0-1011.11~24.04.1 <none>
2025-08-21 10:15:24 status unpacked linux-image-aws:amd64 6.14.0-1011.11~24.04.1
2025-08-21 10:15:24 status half-configured linux-image-aws:amd64 6.14.0-1011.11~24.04.1
2025-08-21 10:15:24 status installed linux-image-aws:amd64 6.14.0-1011.11~24.04.1
2025-08-21 10:15:24 configure linux-aws:amd64 6.14.0-1011.11~24.04.1 <none>
2025-08-21 10:15:24 status unpacked linux-aws:amd64 6.14.0-1011.11~24.04.1
2025-08-21 10:15:24 status half-configured linux-aws:amd64 6.14.0-1011.11~24.04.1
2025-08-21 10:15:24 status installed linux-aws:amd64 6.14.0-1011.11~24.04.1
2025-08-21 10:15:24 trigproc man-db:amd64 2.12.0-4build2 <none>
2025-08-21 10:15:24 status half-configured man-db:amd64 2.12.0-4build2
2025-08-21 10:15:25 status installed man-db:amd64 2.12.0-4build2
2025-08-21 10:15:25 trigproc initramfs-tools:all 0.142ubuntu25.5 <none>
2025-08-21 10:15:25 status half-configured initramfs-tools:all 0.142ubuntu25.5
2025-08-21 10:15:25 status installed initramfs-tools:all 0.142ubuntu25.5
2025-08-21 10:15:25 trigproc linux-image-6.14.0-1011-aws:amd64 6.14.0-1011.11~24.04.1 <none>
2025-08-21 10:15:25 status half-configured linux-image-6.14.0-1011-aws:amd64 6.14.0-1011.11~24.04.1
2025-08-21 10:15:31 status installed linux-image-6.14.0-1011-aws:amd64 6.14.0-1011.11~24.04.1
2025-08-21 10:15:35 startup packages remove
2025-08-21 10:15:35 status installed libc-devtools:amd64 2.39-0ubuntu8.5
2025-08-21 10:15:35 remove libc-devtools:amd64 2.39-0ubuntu8.5 <none>
2025-08-21 10:15:35 status half-configured libc-devtools:amd64 2.39-0ubuntu8.5
2025-08-21 10:15:35 status half-installed libc-devtools:amd64 2.39-0ubuntu8.5
2025-08-21 10:15:35 status triggers-pending man-db:amd64 2.12.0-4build2
2025-08-21 10:15:35 status config-files libc-devtools:amd64 2.39-0ubuntu8.5
2025-08-21 10:15:35 status not-installed libc-devtools:amd64 <none>
2025-08-21 10:15:35 status installed libgd3:amd64 2.3.3-9ubuntu5
2025-08-21 10:15:35 remove libgd3:amd64 2.3.3-9ubuntu5 <none>
2025-08-21 10:15:35 status triggers-pending libc-bin:amd64 2.39-0ubuntu8.5
2025-08-21 10:15:35 status half-configured libgd3:amd64 2.3.3-9ubuntu5
2025-08-21 10:15:35 status half-installed libgd3:amd64 2.3.3-9ubuntu5
2025-08-21 10:15:35 status config-files libgd3:amd64 2.3.3-9ubuntu5
2025-08-21 10:15:35 status not-installed libgd3:amd64 <none>
2025-08-21 10:15:35 status installed libfontconfig1:amd64 2.15.0-1.1ubuntu2
2025-08-21 10:15:35 remove libfontconfig1:amd64 2.15.0-1.1ubuntu2 <none>
2025-08-21 10:15:35 status half-configured libfontconfig1:amd64 2.15.0-1.1ubuntu2
2025-08-21 10:15:35 status half-installed libfontconfig1:amd64 2.15.0-1.1ubuntu2
2025-08-21 10:15:35 status config-files libfontconfig1:amd64 2.15.0-1.1ubuntu2
2025-08-21 10:15:35 status not-installed libfontconfig1:amd64 <none>
2025-08-21 10:15:35 status installed fontconfig-config:amd64 2.15.0-1.1ubuntu2
2025-08-21 10:15:35 remove fontconfig-config:amd64 2.15.0-1.1ubuntu2 <none>
2025-08-21 10:15:35 status half-configured fontconfig-config:amd64 2.15.0-1.1ubuntu2
2025-08-21 10:15:35 status half-installed fontconfig-config:amd64 2.15.0-1.1ubuntu2
2025-08-21 10:15:35 status triggers-pending sgml-base:all 1.31
2025-08-21 10:15:35 status config-files fontconfig-config:amd64 2.15.0-1.1ubuntu2
2025-08-21 10:15:35 status installed fonts-dejavu-core:all 2.37-8
2025-08-21 10:15:35 remove fonts-dejavu-core:all 2.37-8 <none>
2025-08-21 10:15:35 status half-configured fonts-dejavu-core:all 2.37-8
2025-08-21 10:15:35 status half-installed fonts-dejavu-core:all 2.37-8
2025-08-21 10:15:35 status config-files fonts-dejavu-core:all 2.37-8
2025-08-21 10:15:35 status installed fonts-dejavu-mono:all 2.37-8
2025-08-21 10:15:35 remove fonts-dejavu-mono:all 2.37-8 <none>
2025-08-21 10:15:35 status half-configured fonts-dejavu-mono:all 2.37-8
2025-08-21 10:15:35 status half-installed fonts-dejavu-mono:all 2.37-8
2025-08-21 10:15:35 status config-files fonts-dejavu-mono:all 2.37-8
2025-08-21 10:15:36 status installed libheif-plugin-aomenc:amd64 1.17.6-1ubuntu4.1
2025-08-21 10:15:36 remove libheif-plugin-aomenc:amd64 1.17.6-1ubuntu4.1 <none>
2025-08-21 10:15:36 status half-configured libheif-plugin-aomenc:amd64 1.17.6-1ubuntu4.1
2025-08-21 10:15:36 status half-installed libheif-plugin-aomenc:amd64 1.17.6-1ubuntu4.1
2025-08-21 10:15:36 status config-files libheif-plugin-aomenc:amd64 1.17.6-1ubuntu4.1
2025-08-21 10:15:36 status not-installed libheif-plugin-aomenc:amd64 <none>
2025-08-21 10:15:36 status installed libheif-plugin-libde265:amd64 1.17.6-1ubuntu4.1
2025-08-21 10:15:36 status installed libheif1:amd64 1.17.6-1ubuntu4.1
2025-08-21 10:15:36 status installed libheif-plugin-aomdec:amd64 1.17.6-1ubuntu4.1
2025-08-21 10:15:36 status installed libaom3:amd64 3.8.2-2ubuntu0.1
2025-08-21 10:15:36 status installed libc-dev-bin:amd64 2.39-0ubuntu8.5
2025-08-21 10:15:36 remove libc-dev-bin:amd64 2.39-0ubuntu8.5 <none>
2025-08-21 10:15:36 status half-configured libc-dev-bin:amd64 2.39-0ubuntu8.5
2025-08-21 10:15:36 status half-installed libc-dev-bin:amd64 2.39-0ubuntu8.5
2025-08-21 10:15:36 status config-files libc-dev-bin:amd64 2.39-0ubuntu8.5
2025-08-21 10:15:36 status not-installed libc-dev-bin:amd64 <none>
2025-08-21 10:15:36 status installed libcrypt-dev:amd64 1:4.4.36-4build1
2025-08-21 10:15:36 remove libcrypt-dev:amd64 1:4.4.36-4build1 <none>
2025-08-21 10:15:36 status half-configured libcrypt-dev:amd64 1:4.4.36-4build1
2025-08-21 10:15:36 status half-installed libcrypt-dev:amd64 1:4.4.36-4build1
2025-08-21 10:15:36 status config-files libcrypt-dev:amd64 1:4.4.36-4build1
2025-08-21 10:15:36 status installed libde265-0:amd64 1.0.15-1build3
2025-08-21 10:15:36 status installed libtiff6:amd64 4.5.1+git230720-4ubuntu2.3
2025-08-21 10:15:36 remove libtiff6:amd64 4.5.1+git230720-4ubuntu2.3 <none>
2025-08-21 10:15:36 status half-configured libtiff6:amd64 4.5.1+git230720-4ubuntu2.3
2025-08-21 10:15:36 status half-installed libtiff6:amd64 4.5.1+git230720-4ubuntu2.3
2025-08-21 10:15:36 status config-files libtiff6:amd64 4.5.1+git230720-4ubuntu2.3
2025-08-21 10:15:36 status not-installed libtiff6:amd64 <none>
2025-08-21 10:15:36 status installed libdeflate0:amd64 1.19-1build1.1
2025-08-21 10:15:36 remove libdeflate0:amd64 1.19-1build1.1 <none>
2025-08-21 10:15:36 status half-configured libdeflate0:amd64 1.19-1build1.1
2025-08-21 10:15:36 status half-installed libdeflate0:amd64 1.19-1build1.1
2025-08-21 10:15:36 status config-files libdeflate0:amd64 1.19-1build1.1
2025-08-21 10:15:36 status not-installed libdeflate0:amd64 <none>
2025-08-21 10:15:36 status installed libjbig0:amd64 2.1-6.1ubuntu2
2025-08-21 10:15:36 remove libjbig0:amd64 2.1-6.1ubuntu2 <none>
2025-08-21 10:15:36 status half-configured libjbig0:amd64 2.1-6.1ubuntu2
2025-08-21 10:15:36 status half-installed libjbig0:amd64 2.1-6.1ubuntu2
2025-08-21 10:15:36 status config-files libjbig0:amd64 2.1-6.1ubuntu2
2025-08-21 10:15:36 status not-installed libjbig0:amd64 <none>
2025-08-21 10:15:36 status installed libjpeg8:amd64 8c-2ubuntu11
2025-08-21 10:15:36 remove libjpeg8:amd64 8c-2ubuntu11 <none>
2025-08-21 10:15:36 status half-configured libjpeg8:amd64 8c-2ubuntu11
2025-08-21 10:15:36 status half-installed libjpeg8:amd64 8c-2ubuntu11
2025-08-21 10:15:36 status config-files libjpeg8:amd64 8c-2ubuntu11
2025-08-21 10:15:36 status not-installed libjpeg8:amd64 <none>
2025-08-21 10:15:36 status installed libjpeg-turbo8:amd64 2.1.5-2ubuntu2
2025-08-21 10:15:36 remove libjpeg-turbo8:amd64 2.1.5-2ubuntu2 <none>
2025-08-21 10:15:36 status half-configured libjpeg-turbo8:amd64 2.1.5-2ubuntu2
2025-08-21 10:15:36 status half-installed libjpeg-turbo8:amd64 2.1.5-2ubuntu2
2025-08-21 10:15:36 status config-files libjpeg-turbo8:amd64 2.1.5-2ubuntu2
2025-08-21 10:15:36 status not-installed libjpeg-turbo8:amd64 <none>
2025-08-21 10:15:36 status installed liblerc4:amd64 4.0.0+ds-4ubuntu2
2025-08-21 10:15:36 remove liblerc4:amd64 4.0.0+ds-4ubuntu2 <none>
2025-08-21 10:15:36 status half-configured liblerc4:amd64 4.0.0+ds-4ubuntu2
2025-08-21 10:15:36 status half-installed liblerc4:amd64 4.0.0+ds-4ubuntu2
2025-08-21 10:15:36 status config-files liblerc4:amd64 4.0.0+ds-4ubuntu2
2025-08-21 10:15:36 status not-installed liblerc4:amd64 <none>
2025-08-21 10:15:36 status installed libwebp7:amd64 1.3.2-0.4build3
2025-08-21 10:15:36 remove libwebp7:amd64 1.3.2-0.4build3 <none>
2025-08-21 10:15:36 status half-configured libwebp7:amd64 1.3.2-0.4build3
2025-08-21 10:15:36 status half-installed libwebp7:amd64 1.3.2-0.4build3
2025-08-21 10:15:36 status config-files libwebp7:amd64 1.3.2-0.4build3
2025-08-21 10:15:36 status not-installed libwebp7:amd64 <none>
2025-08-21 10:15:36 status installed libsharpyuv0:amd64 1.3.2-0.4build3
2025-08-21 10:15:36 status installed libxpm4:amd64 1:3.5.17-1build2
2025-08-21 10:15:36 remove libxpm4:amd64 1:3.5.17-1build2 <none>
2025-08-21 10:15:36 status half-configured libxpm4:amd64 1:3.5.17-1build2
2025-08-21 10:15:36 status half-installed libxpm4:amd64 1:3.5.17-1build2
2025-08-21 10:15:36 status config-files libxpm4:amd64 1:3.5.17-1build2
2025-08-21 10:15:36 status not-installed libxpm4:amd64 <none>
2025-08-21 10:15:36 status installed manpages-dev:all 6.7-2
2025-08-21 10:15:36 remove manpages-dev:all 6.7-2 <none>
2025-08-21 10:15:36 status half-configured manpages-dev:all 6.7-2
2025-08-21 10:15:36 status half-installed manpages-dev:all 6.7-2
2025-08-21 10:15:36 status config-files manpages-dev:all 6.7-2
2025-08-21 10:15:36 status not-installed manpages-dev:all <none>
2025-08-21 10:15:36 status installed rpcsvc-proto:amd64 1.4.2-0ubuntu7
2025-08-21 10:15:36 remove rpcsvc-proto:amd64 1.4.2-0ubuntu7 <none>
2025-08-21 10:15:36 status half-configured rpcsvc-proto:amd64 1.4.2-0ubuntu7
2025-08-21 10:15:36 status half-installed rpcsvc-proto:amd64 1.4.2-0ubuntu7
2025-08-21 10:15:36 status config-files rpcsvc-proto:amd64 1.4.2-0ubuntu7
2025-08-21 10:15:36 status not-installed rpcsvc-proto:amd64 <none>
2025-08-21 10:15:37 remove libheif1:amd64 1.17.6-1ubuntu4.1 <none>
2025-08-21 10:15:37 status half-configured libheif1:amd64 1.17.6-1ubuntu4.1
2025-08-21 10:15:37 status half-installed libheif1:amd64 1.17.6-1ubuntu4.1
2025-08-21 10:15:37 status config-files libheif1:amd64 1.17.6-1ubuntu4.1
2025-08-21 10:15:37 status not-installed libheif1:amd64 <none>
2025-08-21 10:15:37 remove libheif-plugin-aomdec:amd64 1.17.6-1ubuntu4.1 <none>
2025-08-21 10:15:37 status half-configured libheif-plugin-aomdec:amd64 1.17.6-1ubuntu4.1
2025-08-21 10:15:37 status half-installed libheif-plugin-aomdec:amd64 1.17.6-1ubuntu4.1
2025-08-21 10:15:37 status config-files libheif-plugin-aomdec:amd64 1.17.6-1ubuntu4.1
2025-08-21 10:15:37 status not-installed libheif-plugin-aomdec:amd64 <none>
2025-08-21 10:15:37 remove libaom3:amd64 3.8.2-2ubuntu0.1 <none>
2025-08-21 10:15:37 status half-configured libaom3:amd64 3.8.2-2ubuntu0.1
2025-08-21 10:15:37 status half-installed libaom3:amd64 3.8.2-2ubuntu0.1
2025-08-21 10:15:37 status config-files libaom3:amd64 3.8.2-2ubuntu0.1
2025-08-21 10:15:37 status not-installed libaom3:amd64 <none>
2025-08-21 10:15:37 remove libsharpyuv0:amd64 1.3.2-0.4build3 <none>
2025-08-21 10:15:37 status half-configured libsharpyuv0:amd64 1.3.2-0.4build3
2025-08-21 10:15:37 status half-installed libsharpyuv0:amd64 1.3.2-0.4build3
2025-08-21 10:15:37 status config-files libsharpyuv0:amd64 1.3.2-0.4build3
2025-08-21 10:15:37 status not-installed libsharpyuv0:amd64 <none>
2025-08-21 10:15:37 remove libheif-plugin-libde265:amd64 1.17.6-1ubuntu4.1 <none>
2025-08-21 10:15:37 status half-configured libheif-plugin-libde265:amd64 1.17.6-1ubuntu4.1
2025-08-21 10:15:37 status half-installed libheif-plugin-libde265:amd64 1.17.6-1ubuntu4.1
2025-08-21 10:15:37 status config-files libheif-plugin-libde265:amd64 1.17.6-1ubuntu4.1
2025-08-21 10:15:37 status not-installed libheif-plugin-libde265:amd64 <none>
2025-08-21 10:15:37 remove libde265-0:amd64 1.0.15-1build3 <none>
2025-08-21 10:15:37 status half-configured libde265-0:amd64 1.0.15-1build3
2025-08-21 10:15:37 status half-installed libde265-0:amd64 1.0.15-1build3
2025-08-21 10:15:37 status config-files libde265-0:amd64 1.0.15-1build3
2025-08-21 10:15:37 status not-installed libde265-0:amd64 <none>
2025-08-21 10:15:37 startup packages configure
2025-08-21 10:15:37 trigproc man-db:amd64 2.12.0-4build2 <none>
2025-08-21 10:15:37 status half-configured man-db:amd64 2.12.0-4build2
2025-08-21 10:15:38 status installed man-db:amd64 2.12.0-4build2
2025-08-21 10:15:38 trigproc sgml-base:all 1.31 <none>
2025-08-21 10:15:38 status half-configured sgml-base:all 1.31
2025-08-21 10:15:38 status installed sgml-base:all 1.31
2025-08-21 10:15:38 trigproc libc-bin:amd64 2.39-0ubuntu8.5 <none>
2025-08-21 10:15:38 status half-configured libc-bin:amd64 2.39-0ubuntu8.5
2025-08-21 10:15:38 status installed libc-bin:amd64 2.39-0ubuntu8.5
2025-08-21 10:15:38 startup packages purge
2025-08-21 10:15:38 purge fontconfig-config:amd64 2.15.0-1.1ubuntu2 <none>
2025-08-21 10:15:38 status config-files fontconfig-config:amd64 2.15.0-1.1ubuntu2
2025-08-21 10:15:38 status not-installed fontconfig-config:amd64 <none>
2025-08-21 10:15:38 purge fonts-dejavu-mono:all 2.37-8 <none>
2025-08-21 10:15:38 status config-files fonts-dejavu-mono:all 2.37-8
2025-08-21 10:15:38 status not-installed fonts-dejavu-mono:all <none>
2025-08-21 10:15:38 purge fonts-dejavu-core:all 2.37-8 <none>
2025-08-21 10:15:38 status config-files fonts-dejavu-core:all 2.37-8
2025-08-21 10:15:38 status not-installed fonts-dejavu-core:all <none>
2025-08-21 10:15:38 purge libcrypt-dev:amd64 1:4.4.36-4build1 <none>
2025-08-21 10:15:38 status config-files libcrypt-dev:amd64 1:4.4.36-4build1
2025-08-21 10:15:38 status not-installed libcrypt-dev:amd64 <none>
2025-08-21 10:15:38 startup packages configure
2025-08-21 10:15:41 startup archives unpack
2025-08-21 10:15:41 install ec2-instance-connect:all <none> 1.1.17-0ubuntu1
2025-08-21 10:15:41 status half-installed ec2-instance-connect:all 1.1.17-0ubuntu1
2025-08-21 10:15:42 status unpacked ec2-instance-connect:all 1.1.17-0ubuntu1
2025-08-21 10:15:42 startup packages configure
2025-08-21 10:15:42 configure ec2-instance-connect:all 1.1.17-0ubuntu1 <none>
2025-08-21 10:15:42 status unpacked ec2-instance-connect:all 1.1.17-0ubuntu1
2025-08-21 10:15:42 status half-configured ec2-instance-connect:all 1.1.17-0ubuntu1
2025-08-21 10:15:42 status installed ec2-instance-connect:all 1.1.17-0ubuntu1
2025-08-21 10:15:45 startup archives unpack
2025-08-21 10:15:45 install acpid:amd64 <none> 1:2.0.34-1ubuntu2
2025-08-21 10:15:45 status half-installed acpid:amd64 1:2.0.34-1ubuntu2
2025-08-21 10:15:45 status triggers-pending man-db:amd64 2.12.0-4build2
2025-08-21 10:15:45 status unpacked acpid:amd64 1:2.0.34-1ubuntu2
2025-08-21 10:15:45 install ec2-hibinit-agent:all <none> 1.0.0-0ubuntu16.24.04.1
2025-08-21 10:15:45 status half-installed ec2-hibinit-agent:all 1.0.0-0ubuntu16.24.04.1
2025-08-21 10:15:45 status unpacked ec2-hibinit-agent:all 1.0.0-0ubuntu16.24.04.1
2025-08-21 10:15:45 install hibagent:all <none> 1.0.1+git20230216.9ac1209f7-0ubuntu3
2025-08-21 10:15:45 status half-installed hibagent:all 1.0.1+git20230216.9ac1209f7-0ubuntu3
2025-08-21 10:15:45 status unpacked hibagent:all 1.0.1+git20230216.9ac1209f7-0ubuntu3
2025-08-21 10:15:45 startup packages configure
2025-08-21 10:15:45 configure acpid:amd64 1:2.0.34-1ubuntu2 <none>
2025-08-21 10:15:45 status unpacked acpid:amd64 1:2.0.34-1ubuntu2
2025-08-21 10:15:45 status half-configured acpid:amd64 1:2.0.34-1ubuntu2
2025-08-21 10:15:45 status installed acpid:amd64 1:2.0.34-1ubuntu2
2025-08-21 10:15:45 configure hibagent:all 1.0.1+git20230216.9ac1209f7-0ubuntu3 <none>
2025-08-21 10:15:45 status unpacked hibagent:all 1.0.1+git20230216.9ac1209f7-0ubuntu3
2025-08-21 10:15:45 status half-configured hibagent:all 1.0.1+git20230216.9ac1209f7-0ubuntu3
2025-08-21 10:15:45 status installed hibagent:all 1.0.1+git20230216.9ac1209f7-0ubuntu3
2025-08-21 10:15:45 configure ec2-hibinit-agent:all 1.0.0-0ubuntu16.24.04.1 <none>
2025-08-21 10:15:45 status unpacked ec2-hibinit-agent:all 1.0.0-0ubuntu16.24.04.1
2025-08-21 10:15:45 status half-configured ec2-hibinit-agent:all 1.0.0-0ubuntu16.24.04.1
2025-08-21 10:15:45 status installed ec2-hibinit-agent:all 1.0.0-0ubuntu16.24.04.1
2025-08-21 10:15:45 trigproc man-db:amd64 2.12.0-4build2 <none>
2025-08-21 10:15:45 status half-configured man-db:amd64 2.12.0-4build2
2025-08-21 10:15:46 status installed man-db:amd64 2.12.0-4build2
2025-08-21 10:15:49 startup packages remove
2025-08-21 10:15:49 status installed systemd-timesyncd:amd64 255.4-1ubuntu8.10
2025-08-21 10:15:49 remove systemd-timesyncd:amd64 255.4-1ubuntu8.10 <none>
2025-08-21 10:15:49 status half-configured systemd-timesyncd:amd64 255.4-1ubuntu8.10
2025-08-21 10:15:49 status half-installed systemd-timesyncd:amd64 255.4-1ubuntu8.10
2025-08-21 10:15:49 status triggers-pending man-db:amd64 2.12.0-4build2
2025-08-21 10:15:49 status triggers-pending dbus:amd64 1.14.10-4ubuntu4.1
2025-08-21 10:15:49 status config-files systemd-timesyncd:amd64 255.4-1ubuntu8.10
2025-08-21 10:15:49 startup archives unpack
2025-08-21 10:15:49 install tzdata-legacy:all <none> 2025b-0ubuntu0.24.04.1
2025-08-21 10:15:49 status half-installed tzdata-legacy:all 2025b-0ubuntu0.24.04.1
2025-08-21 10:15:49 status unpacked tzdata-legacy:all 2025b-0ubuntu0.24.04.1
2025-08-21 10:15:49 install chrony:amd64 <none> 4.5-1ubuntu4.2
2025-08-21 10:15:49 status half-installed chrony:amd64 4.5-1ubuntu4.2
2025-08-21 10:15:49 status unpacked chrony:amd64 4.5-1ubuntu4.2
2025-08-21 10:15:49 startup packages configure
2025-08-21 10:15:49 configure tzdata-legacy:all 2025b-0ubuntu0.24.04.1 <none>
2025-08-21 10:15:49 status unpacked tzdata-legacy:all 2025b-0ubuntu0.24.04.1
2025-08-21 10:15:49 status half-configured tzdata-legacy:all 2025b-0ubuntu0.24.04.1
2025-08-21 10:15:49 status installed tzdata-legacy:all 2025b-0ubuntu0.24.04.1
2025-08-21 10:15:49 configure chrony:amd64 4.5-1ubuntu4.2 <none>
2025-08-21 10:15:49 status unpacked chrony:amd64 4.5-1ubuntu4.2
2025-08-21 10:15:49 status half-configured chrony:amd64 4.5-1ubuntu4.2
2025-08-21 10:15:50 status installed chrony:amd64 4.5-1ubuntu4.2
2025-08-21 10:15:50 trigproc dbus:amd64 1.14.10-4ubuntu4.1 <none>
2025-08-21 10:15:50 status half-configured dbus:amd64 1.14.10-4ubuntu4.1
2025-08-21 10:15:50 status installed dbus:amd64 1.14.10-4ubuntu4.1
2025-08-21 10:15:50 trigproc man-db:amd64 2.12.0-4build2 <none>
2025-08-21 10:15:50 status half-configured man-db:amd64 2.12.0-4build2
2025-08-21 10:15:51 status installed man-db:amd64 2.12.0-4build2
2025-08-21 10:15:56 startup packages configure
2025-08-21 10:15:56 startup packages purge
2025-08-21 10:15:56 purge systemd-timesyncd:amd64 255.4-1ubuntu8.10 <none>
2025-08-21 10:15:56 status config-files systemd-timesyncd:amd64 255.4-1ubuntu8.10
2025-08-21 10:15:56 status not-installed systemd-timesyncd:amd64 <none>
2025-08-21 10:15:56 startup packages configure
2025-08-21 10:16:40 startup archives unpack
2025-08-21 10:16:40 install irqbalance:amd64 <none> 1.9.3-2ubuntu5
2025-08-21 10:16:40 status half-installed irqbalance:amd64 1.9.3-2ubuntu5
2025-08-21 10:16:40 status triggers-pending man-db:amd64 2.12.0-4build2
2025-08-21 10:16:40 status unpacked irqbalance:amd64 1.9.3-2ubuntu5
2025-08-21 10:16:40 startup packages configure
2025-08-21 10:16:40 configure irqbalance:amd64 1.9.3-2ubuntu5 <none>
2025-08-21 10:16:40 status unpacked irqbalance:amd64 1.9.3-2ubuntu5
2025-08-21 10:16:40 status half-configured irqbalance:amd64 1.9.3-2ubuntu5
2025-08-21 10:16:40 status installed irqbalance:amd64 1.9.3-2ubuntu5
2025-08-21 10:16:40 trigproc man-db:amd64 2.12.0-4build2 <none>
2025-08-21 10:16:40 status half-configured man-db:amd64 2.12.0-4build2
2025-08-21 10:16:41 status installed man-db:amd64 2.12.0-4build2
